34
-----------
Initializing structure...
Halving computational cell along direction y
time for choose_chunkdivision = 0.000926971 s
Working in 2D dimensions.
Computational cell is 34 x 2.5 x 0 with resolution 20
     block, center = (0,0,0)
          size (1e+20,1.2,1e+20)
          axes (1,0,0), (0,1,0), (0,0,1)
          dielectric constant epsilon diagonal = (13,13,13)
     cylinder, center = (-12.96,0,0)
          radius 0.36, height 1e+20, axis (0, 0, 1)
          dielectric constant epsilon diagonal = (1,1,1)
     cylinder, center = (-11.14,0,0)
          radius 0.36, height 1e+20, axis (0, 0, 1)
          dielectric constant epsilon diagonal = (1,1,1)
     cylinder, center = (-9.72,0,0)
          radius 0.36, height 1e+20, axis (0, 0, 1)
          dielectric constant epsilon diagonal = (1,1,1)
     cylinder, center = (-7.9,0,0)
          radius 0.36, height 1e+20, axis (0, 0, 1)
          dielectric constant epsilon diagonal = (1,1,1)
     cylinder, center = (-6.48,0,0)
          radius 0.36, height 1e+20, axis (0, 0, 1)
          dielectric constant epsilon diagonal = (1,1,1)
     cylinder, center = (-4.66,0,0)
          radius 0.36, height 1e+20, axis (0, 0, 1)
          dielectric constant epsilon diagonal = (1,1,1)
     cylinder, center = (-3.24,0,0)
          radius 0.36, height 1e+20, axis (0, 0, 1)
          dielectric constant epsilon diagonal = (1,1,1)
     cylinder, center = (-1.42,0,0)
          radius 0.36, height 1e+20, axis (0, 0, 1)
          dielectric constant epsilon diagonal = (1,1,1)
     cylinder, center = (0,0,0)
          radius 0.36, height 1e+20, axis (0, 0, 1)
          dielectric constant epsilon diagonal = (1,1,1)
     ...(+ 8 objects not shown)...
time for set_epsilon = 0.111789 s
-----------
creating output file "./holey-wvg-cavity-eps-000000.00.h5"...
creating output file "./holey-wvg-cavity-hz-slice.h5"...
field decay(t = 50.025000000000006): 6.508656669145528e-12 / 6.508656669145528e-12 = 1.0
field decay(t = 100.05000000000001): 3.1416966611611213e-09 / 3.1416966611611213e-09 = 1.0
field decay(t = 150.07500000000002): 2.495994860349009e-14 / 3.1416966611611213e-09 = 7.944735375650585e-06
run 0 finished at t = 150.07500000000002 (6003 timesteps)
flux1:, 0.15, 1.2396907719767615e-09
flux1:, 0.1504008016032064, 1.3330758338287148e-09
flux1:, 0.1508016032064128, 1.4332914121474293e-09
flux1:, 0.15120240480961925, 1.540821517470273e-09
flux1:, 0.15160320641282565, 1.6561781737229229e-09
flux1:, 0.15200400801603206, 1.779902623638012e-09
flux1:, 0.15240480961923847, 1.912566811463508e-09
flux1:, 0.15280561122244488, 2.0547751947385807e-09
flux1:, 0.15320641282565128, 2.2071669298192574e-09
flux1:, 0.15360721442885772, 2.3704184661400156e-09
flux1:, 0.15400801603206413, 2.545246572097669e-09
flux1:, 0.15440881763527053, 2.7324118016275414e-09
flux1:, 0.15480961923847694, 2.932722395428233e-09
flux1:, 0.15521042084168335, 3.14703859510839e-09
flux1:, 0.15561122244488979, 3.3762773331811238e-09
flux1:, 0.1560120240480962, 3.621417247464453e-09
flux1:, 0.1564128256513026, 3.883503955889083e-09
flux1:, 0.156813627254509, 4.1636555179356095e-09
flux1:, 0.15721442885771542, 4.46306800220381e-09
flux1:, 0.15761523046092185, 4.783021076787323e-09
flux1:, 0.15801603206412826, 5.124883540505087e-09
flux1:, 0.15841683366733467, 5.490118718462266e-09
flux1:, 0.15881763527054107, 5.880289655228124e-09
flux1:, 0.15921843687374748, 6.29706405253942e-09
flux1:, 0.1596192384769539, 6.742218915267665e-09
flux1:, 0.16002004008016033, 7.217644888826649e-09
flux1:, 0.16042084168336673, 7.725350292250235e-09
flux1:, 0.16082164328657314, 8.26746487255957e-09
flux1:, 0.16122244488977955, 8.846243326819459e-09
flux1:, 0.16162324649298596, 9.46406865704814e-09
flux1:, 0.16202404809619236, 1.0123455438664293e-08
flux1:, 0.1624248496993988, 1.082705309464807e-08
flux1:, 0.1628256513026052, 1.1577649273419354e-08
flux1:, 0.16322645290581161, 1.2378173429027502e-08
flux1:, 0.16362725450901802, 1.3231700695744273e-08
flux1:, 0.16402805611222443, 1.4141456136773711e-08
flux1:, 0.16442885771543087, 1.5110819427892524e-08
flux1:, 0.16482965931863727, 1.6143330012468352e-08
flux1:, 0.16523046092184368, 1.724269273503887e-08
flux1:, 0.1656312625250501, 1.8412783928194014e-08
flux1:, 0.1660320641282565, 1.9657657892673266e-08
flux1:, 0.16643286573146293, 2.0981553675935917e-08
flux1:, 0.16683366733466934, 2.238890202083532e-08
flux1:, 0.16723446893787575, 2.3884332326086976e-08
flux1:, 0.16763527054108215, 2.5472679435000612e-08
flux1:, 0.16803607214428856, 2.7158990050388295e-08
flux1:, 0.168436873747495, 2.8948528563204964e-08
flux1:, 0.1688376753507014, 3.084678207997261e-08
flux1:, 0.1692384769539078, 3.285946444207831e-08
flux1:, 0.16963927855711422, 3.4992519046160235e-08
flux1:, 0.17004008016032063, 3.725212030060732e-08
flux1:, 0.17044088176352704, 3.9644673586260104e-08
flux1:, 0.17084168336673344, 4.217681362961147e-08
flux1:, 0.17124248496993988, 4.485540124063505e-08
flux1:, 0.1716432865731463, 4.7687518414795973e-08
flux1:, 0.1720440881763527, 5.068046184526386e-08
flux1:, 0.1724448897795591, 5.3841734936147094e-08
flux1:, 0.1728456913827655, 5.717903844700393e-08
flux1:, 0.17324649298597194, 6.070025993183364e-08
flux1:, 0.17364729458917835, 6.441346215862229e-08
flux1:, 0.17404809619238476, 6.832687070896824e-08
flux1:, 0.17444889779559117, 7.244886095828293e-08
flux1:, 0.17484969939879758, 7.678794462649443e-08
flux1:, 0.175250501002004, 8.135275606663623e-08
flux1:, 0.17565130260521042, 8.615203842626176e-08
flux1:, 0.17605210420841683, 9.119462977383078e-08
flux1:, 0.17645290581162323, 9.648944923414479e-08
flux1:, 0.17685370741482964, 1.0204548312390824e-07
flux1:, 0.17725450901803608, 1.0787177102510958e-07
flux1:, 0.17765531062124248, 1.139773916830246e-07
flux1:, 0.1780561122244489, 1.2037144857036694e-07
flux1:, 0.1784569138276553, 1.270630549241943e-07
flux1:, 0.1788577154308617, 1.3406131803783764e-07
flux1:, 0.17925851703406812, 1.4137532258224186e-07
flux1:, 0.17965931863727455, 1.490141127378015e-07
flux1:, 0.18006012024048096, 1.569866729435215e-07
flux1:, 0.18046092184368737, 1.653019071116461e-07
flux1:, 0.18086172344689377, 1.7396861621538806e-07
flux1:, 0.18126252505010018, 1.8299547423026435e-07
flux1:, 0.1816633266533066, 1.9239100249398525e-07
flux1:, 0.18206412825651302, 2.0216354264371964e-07
flux1:, 0.18246492985971943, 2.1232122838612308e-07
flux1:, 0.18286573146292584, 2.2287195645144848e-07
flux1:, 0.18326653306613225, 2.3382335717478635e-07
flux1:, 0.18366733466933866, 2.45182765225713e-07
flux1:, 0.1840681362725451, 2.5695719107475216e-07
flux1:, 0.1844689378757515, 2.691532938286825e-07
flux1:, 0.1848697394789579, 2.81777356091035e-07
flux1:, 0.18527054108216431, 2.9483526150229787e-07
flux1:, 0.18567134268537072, 3.083324755866974e-07
flux1:, 0.18607214428857716, 3.222740304787815e-07
flux1:, 0.18647294589178356, 3.366645140243938e-07
flux1:, 0.18687374749498997, 3.51508063651579e-07
flux1:, 0.18727454909819638, 3.668083652880992e-07
flux1:, 0.1876753507014028, 3.8256865747044847e-07
flux1:, 0.18807615230460922, 3.9879174065048705e-07
flux1:, 0.1884769539078156, 4.154799915654739e-07
flux1:, 0.18887775551102204, 4.326353824001477e-07
flux1:, 0.18927855711422845, 4.5025950434641086e-07
flux1:, 0.18967935871743485, 4.683535950569418e-07
flux1:, 0.19008016032064126, 4.869185694071864e-07
flux1:, 0.19048096192384767, 5.059550529156317e-07
flux1:, 0.1908817635270541, 5.25463417148347e-07
flux1:, 0.1912825651302605, 5.454438164302169e-07
flux1:, 0.19168336673346692, 5.658962252197138e-07
flux1:, 0.19208416833667333, 5.868204755588508e-07
flux1:, 0.19248496993987974, 6.082162941005659e-07
flux1:, 0.19288577154308617, 6.300833383145043e-07
flux1:, 0.19328657314629258, 6.52421231595306e-07
flux1:, 0.193687374749499, 6.75229597120782e-07
flux1:, 0.1940881763527054, 6.985080904363569e-07
flux1:, 0.1944889779559118, 7.222564308580253e-07
flux1:, 0.19488977955911824, 7.464744318916443e-07
flux1:, 0.19529058116232464, 7.711620309451744e-07
flux1:, 0.19569138276553105, 7.963193186675162e-07
flux1:, 0.19609218436873746, 8.21946568269758e-07
flux1:, 0.19649298597194387, 8.480442651692399e-07
flux1:, 0.1968937875751503, 8.746131372551997e-07
flux1:, 0.1972945891783567, 9.016541859894213e-07
flux1:, 0.19769539078156312, 9.291687184472598e-07
flux1:, 0.19809619238476953, 9.5715838026308e-07
flux1:, 0.19849699398797593, 9.856251892938562e-07
flux1:, 0.19889779559118237, 1.0145715696413042e-06
flux1:, 0.19929859719438875, 1.0440003855077036e-06
flux1:, 0.19969939879759518, 1.073914974196369e-06
flux1:, 0.2001002004008016, 1.1043191774247935e-06
flux1:, 0.200501002004008, 1.135217369998155e-06
flux1:, 0.2009018036072144, 1.1666144848075333e-06
flux1:, 0.20130260521042082, 1.1985160330682966e-06
flux1:, 0.20170340681362725, 1.230928118723224e-06
flux1:, 0.20210420841683366, 1.2638574459775237e-06
flux1:, 0.20250501002004007, 1.297311319032208e-06
flux1:, 0.20290581162324647, 1.3312976332297349e-06
flux1:, 0.20330661322645288, 1.3658248570071936e-06
flux1:, 0.20370741482965932, 1.4009020042779364e-06
flux1:, 0.20410821643286572, 1.4365385971066917e-06
flux1:, 0.20450901803607213, 1.47274461881044e-06
flux1:, 0.20490981963927854, 1.5095304578839917e-06
flux1:, 0.20531062124248495, 1.5469068434160737e-06
flux1:, 0.20571142284569138, 1.5848847728953048e-06
flux1:, 0.2061122244488978, 1.623475433534052e-06
flux1:, 0.2065130260521042, 1.6626901184002484e-06
flux1:, 0.2069138276553106, 1.7025401387776177e-06
flux1:, 0.207314629258517, 1.7430367342497292e-06
flux1:, 0.20771543086172345, 1.7841909820168603e-06
flux1:, 0.20811623246492983, 1.8260137069091087e-06
flux1:, 0.20851703406813626, 1.8685153934672412e-06
flux1:, 0.20891783567134267, 1.9117061013073902e-06
flux1:, 0.20931863727454908, 1.9555953847989394e-06
flux1:, 0.2097194388777555, 2.0001922178544097e-06
flux1:, 0.2101202404809619, 2.045504924381524e-06
flux1:, 0.21052104208416833, 2.0915411146957385e-06
flux1:, 0.21092184368737474, 2.138307627929613e-06
flux1:, 0.21132264529058115, 2.185810480241115e-06
flux1:, 0.21172344689378755, 2.2340548184116437e-06
flux1:, 0.21212424849699396, 2.2830448782554185e-06
flux1:, 0.2125250501002004, 2.3327839471371777e-06
flux1:, 0.2129258517034068, 2.383274329828339e-06
flux1:, 0.2133266533066132, 2.4345173169177114e-06
flux1:, 0.21372745490981962, 2.4865131550429613e-06
flux1:, 0.21412825651302603, 2.539261018303977e-06
flux1:, 0.21452905811623246, 2.5927589803731174e-06
flux1:, 0.21492985971943884, 2.647003987001272e-06
flux1:, 0.21533066132264528, 2.7019918288461056e-06
flux1:, 0.21573146292585169, 2.7577171147735345e-06
flux1:, 0.2161322645290581, 2.8141732460261367e-06
flux1:, 0.21653306613226453, 2.8713523918822356e-06
flux1:, 0.2169338677354709, 2.929245467626138e-06
flux1:, 0.21733466933867734, 2.987842115819544e-06
flux1:, 0.21773547094188375, 3.0471306919781207e-06
flux1:, 0.21813627254509016, 3.107098255824854e-06
flux1:, 0.2185370741482966, 3.1677305692869413e-06
flux1:, 0.21893787575150297, 3.2290121023448766e-06
flux1:, 0.2193386773547094, 3.2909260477144675e-06
flux1:, 0.21973947895791582, 3.353454345170993e-06
flux1:, 0.22014028056112223, 3.41657771608687e-06
flux1:, 0.22054108216432866, 3.480275708489594e-06
flux1:, 0.22094188376753504, 3.544526752661786e-06
flux1:, 0.22134268537074148, 3.609308226995694e-06
flux1:, 0.22174348697394788, 3.674596533524671e-06
flux1:, 0.2221442885771543, 3.7403671822763512e-06
flux1:, 0.2225450901803607, 3.8065948833582414e-06
flux1:, 0.2229458917835671, 3.873253645490363e-06
flux1:, 0.22334669338677354, 3.940316879577998e-06
flux1:, 0.22374749498997995, 4.007757505846134e-06
flux1:, 0.22414829659318636, 4.075548063073905e-06
flux1:, 0.22454909819639277, 4.143660818545291e-06
flux1:, 0.22494989979959917, 4.212067877474718e-06
flux1:, 0.2253507014028056, 4.280741290885219e-06
flux1:, 0.225751503006012, 4.349653161165729e-06
flux1:, 0.22615230460921842, 4.418775744836826e-06
flux1:, 0.22655310621242483, 4.488081552356994e-06
flux1:, 0.22695390781563124, 4.557543445127097e-06
flux1:, 0.22735470941883767, 4.627134730138072e-06
flux1:, 0.22775551102204405, 4.696829252977295e-06
flux1:, 0.2281563126252505, 4.76660149011353e-06
flux1:, 0.2285571142284569, 4.836426641529454e-06
flux1:, 0.2289579158316633, 4.906280724837023e-06
flux1:, 0.22935871743486974, 4.9761406719860255e-06
flux1:, 0.22975951903807612, 5.04598442957807e-06
flux1:, 0.23016032064128256, 5.115791063597615e-06
flux1:, 0.23056112224448896, 5.185540869097496e-06
flux1:, 0.23096192384769537, 5.2552154850251554e-06
flux1:, 0.2313627254509018, 5.3247980139729865e-06
flux1:, 0.2317635270541082, 5.3942731461874695e-06
flux1:, 0.23216432865731462, 5.463627286709627e-06
flux1:, 0.23256513026052103, 5.532848684046839e-06
flux1:, 0.23296593186372744, 5.601927558347412e-06
flux1:, 0.23336673346693385, 5.670856226643017e-06
flux1:, 0.23376753507014025, 5.739629222402e-06
flux1:, 0.2341683366733467, 5.808243406390335e-06
flux1:, 0.23456913827655307, 5.876698065685398e-06
flux1:, 0.2349699398797595, 5.944994997653277e-06
flux1:, 0.2353707414829659, 6.013138575760756e-06
flux1:, 0.23577154308617232, 6.081135794286926e-06
flux1:, 0.23617234468937875, 6.148996289284069e-06
flux1:, 0.23657314629258513, 6.216732333521021e-06
flux1:, 0.23697394789579157, 6.2843588036130664e-06
flux1:, 0.23737474949899798, 6.35189311808116e-06
flux1:, 0.23777555110220439, 6.419355145646871e-06
flux1:, 0.23817635270541082, 6.486767083677207e-06
flux1:, 0.2385771543086172, 6.55415330728351e-06
flux1:, 0.23897795591182364, 6.621540190146054e-06
flux1:, 0.23937875751503004, 6.688955898666355e-06
flux1:, 0.23977955911823645, 6.756430161495389e-06
flux1:, 0.2401803607214429, 6.82399401688156e-06
flux1:, 0.24058116232464927, 6.891679540557798e-06
flux1:, 0.2409819639278557, 6.959519557089688e-06
flux1:, 0.2413827655310621, 7.0275473377047205e-06
flux1:, 0.24178356713426852, 7.095796287631463e-06
flux1:, 0.24218436873747493, 7.164299625895776e-06
flux1:, 0.24258517034068133, 7.233090060389099e-06
flux1:, 0.24298597194388777, 7.302199460811264e-06
flux1:, 0.24338677354709418, 7.371658531869258e-06
flux1:, 0.24378757515030058, 7.4414964888588455e-06
flux1:, 0.244188376753507, 7.511740737512567e-06
flux1:, 0.2445891783567134, 7.5824165597767555e-06
flux1:, 0.24498997995991983, 7.653546806993142e-06
flux1:, 0.24539078156312621, 7.725151601841627e-06
flux1:, 0.24579158316633265, 7.797248050308914e-06
flux1:, 0.24619238476953906, 7.869849964971048e-06
flux1:, 0.24659318637274547, 7.942967600907737e-06
flux1:, 0.2469939879759519, 8.016607405707804e-06
flux1:, 0.24739478957915828, 8.090771785186919e-06
flux1:, 0.24779559118236472, 8.165458886629974e-06
flux1:, 0.24819639278557112, 8.24066240161487e-06
flux1:, 0.24859719438877753, 8.316371390668474e-06
flux1:, 0.24899799599198397, 8.39257013221898e-06
flux1:, 0.24939879759519035, 8.469237998444896e-06
flux1:, 0.24979959919839678, 8.546349360715081e-06
flux1:, 0.2502004008016032, 8.623873527307619e-06
flux1:, 0.2506012024048096, 8.701774716008318e-06
flux1:, 0.25100200400801603, 8.780012063976939e-06
flux1:, 0.2514028056112224, 8.858539676960197e-06
flux1:, 0.25180360721442885, 8.93730671950409e-06
flux1:, 0.2522044088176353, 9.01625754728049e-06
flux1:, 0.25260521042084166, 9.095331882026911e-06
flux1:, 0.25300601202404804, 9.174465028886586e-06
flux1:, 0.2534068136272545, 9.253588135184401e-06
flux1:, 0.2538076152304609, 9.332628488885023e-06
flux1:, 0.2542084168336673, 9.411509854182504e-06
flux1:, 0.25460921843687373, 9.490152840904272e-06
flux1:, 0.2550100200400801, 9.568475303692487e-06
flux1:, 0.25541082164328655, 9.64639276627718e-06
flux1:, 0.255811623246493, 9.723818865613388e-06
flux1:, 0.25621242484969936, 9.800665810227807e-06
flux1:, 0.2566132264529058, 9.876844846819365e-06
flux1:, 0.2570140280561122, 9.952266729002231e-06
flux1:, 0.2574148296593186, 1.002684218206302e-05
flux1:, 0.25781563126252505, 1.010048235773371e-05
flux1:, 0.2582164328657314, 1.0173099273223765e-05
flux1:, 0.25861723446893786, 1.0244606229143942e-05
flux1:, 0.25901803607214424, 1.0314918201409897e-05
flux1:, 0.2594188376753507, 1.0383952202773582e-05
flux1:, 0.2598196392785571, 1.0451627610237459e-05
flux1:, 0.2602204408817635, 1.0517866455239243e-05
flux1:, 0.26062124248496993, 1.0582593674156313e-05
flux1:, 0.2610220440881763, 1.0645737317314944e-05
flux1:, 0.26142284569138274, 1.0707228715294216e-05
flux1:, 0.2618236472945892, 1.0767002601898093e-05
flux1:, 0.26222444889779556, 1.082499719367489e-05
flux1:, 0.262625250501002, 1.088115422631655e-05
flux1:, 0.2630260521042084, 1.0935418948683001e-05
flux1:, 0.2634268537074148, 1.098774007551755e-05
flux1:, 0.26382765531062125, 1.1038069700229719e-05
flux1:, 0.2642284569138276, 1.108636316936078e-05
flux1:, 0.26462925851703406, 1.1132578920588715e-05
flux1:, 0.26503006012024044, 1.1176678286336446e-05
flux1:, 0.2654308617234469, 1.1218625265277066e-05
flux1:, 0.2658316633266533, 1.1258386264259521e-05
flux1:, 0.2662324649298597, 1.1295929813441832e-05
flux1:, 0.2666332665330661, 1.133122625771683e-05
flux1:, 0.2670340681362725, 1.1364247427844531e-05
flux1:, 0.26743486973947894, 1.1394966295072295e-05
flux1:, 0.2678356713426854, 1.1423356613416942e-05
flux1:, 0.26823647294589176, 1.1449392554203792e-05
flux1:, 0.2686372745490982, 1.1473048337855933e-05
flux1:, 0.2690380761523046, 1.1494297868341011e-05
flux1:, 0.269438877755511, 1.1513114376028835e-05
flux1:, 0.26983967935871744, 1.1529470075018196e-05
flux1:, 0.2702404809619238, 1.1543335841192173e-05
flux1:, 0.27064128256513026, 1.1554680917372854e-05
flux1:, 0.27104208416833664, 1.1563472651900426e-05
flux1:, 0.2714428857715431, 1.1569676276817346e-05
flux1:, 0.2718436873747495, 1.1573254731469751e-05
flux1:, 0.2722444889779559, 1.1574168536873386e-05
flux1:, 0.27264529058116227, 1.1572375725520688e-05
flux1:, 0.2730460921843687, 1.1567831830488955e-05
flux1:, 0.27344689378757514, 1.1560489936765111e-05
flux1:, 0.2738476953907815, 1.1550300796617347e-05
flux1:, 0.27424849699398796, 1.1537213009683525e-05
flux1:, 0.27464929859719434, 1.1521173267206303e-05
flux1:, 0.27505010020040077, 1.1502126658594397e-05
flux1:, 0.2754509018036072, 1.1480017037227632e-05
flux1:, 0.27585170340681364, 1.1454787441246061e-05
flux1:, 0.27625250501002, 1.1426380563917512e-05
flux1:, 0.2766533066132264, 1.1394739267205079e-05
flux1:, 0.27705410821643284, 1.1359807131300458e-05
flux1:, 0.2774549098196393, 1.1321529032218075e-05
flux1:, 0.2778557114228457, 1.127985173906771e-05
flux1:, 0.2782565130260521, 1.1234724522354348e-05
flux1:, 0.27865731462925847, 1.1186099764584832e-05
flux1:, 0.2790581162324649, 1.1133933564612285e-05
flux1:, 0.27945891783567134, 1.1078186327479694e-05
flux1:, 0.2798597194388777, 1.1018823332034542e-05
flux1:, 0.28026052104208415, 1.0955815269271717e-05
flux1:, 0.28066132264529053, 1.088913874512985e-05
flux1:, 0.28106212424849697, 1.0818776742363422e-05
flux1:, 0.2814629258517034, 1.0744719037061526e-05
flux1:, 0.2818637274549098, 1.0666962566340717e-05
flux1:, 0.2822645290581162, 1.0585511744711373e-05
flux1:, 0.2826653306613226, 1.0500378727539331e-05
flux1:, 0.28306613226452904, 1.0411583620884582e-05
flux1:, 0.28346693386773547, 1.031915463777485e-05
flux1:, 0.28386773547094185, 1.022312820164895e-05
flux1:, 0.2842685370741483, 1.0123548998261934e-05
flux1:, 0.28466933867735467, 1.0020469977794877e-05
flux1:, 0.2850701402805611, 9.913952309243329e-06
flux1:, 0.28547094188376754, 9.804065289374365e-06
flux1:, 0.2858717434869739, 9.690886208683367e-06
flux1:, 0.2862725450901803, 9.574500176811758e-06
flux1:, 0.28667334669338673, 9.454999909882672e-06
flux1:, 0.28707414829659317, 9.332485482133406e-06
flux1:, 0.2874749498997996, 9.207064044153422e-06
flux1:, 0.287875751503006, 9.07884950992535e-06
flux1:, 0.28827655310621236, 8.947962214787095e-06
flux1:, 0.2886773547094188, 8.81452854637372e-06
flux1:, 0.28907815631262523, 8.678680550564337e-06
flux1:, 0.28947895791583167, 8.540555514475413e-06
flux1:, 0.28987975951903805, 8.400295528585274e-06
flux1:, 0.29028056112224443, 8.258047030187944e-06
flux1:, 0.29068136272545086, 8.11396033048602e-06
flux1:, 0.2910821643286573, 7.968189127803471e-06
flux1:, 0.29148296593186374, 7.820890009562627e-06
flux1:, 0.2918837675350701, 7.672221945854945e-06
flux1:, 0.2922845691382765, 7.522345777591787e-06
flux1:, 0.29268537074148293, 7.3714237023660614e-06
flux1:, 0.29308617234468937, 7.219618761261832e-06
flux1:, 0.2934869739478958, 7.067094329891399e-06
flux1:, 0.2938877755511022, 6.914013616952332e-06
flux1:, 0.29428857715430856, 6.7605391735094535e-06
flux1:, 0.294689378757515, 6.606832416090344e-06
flux1:, 0.29509018036072143, 6.45305316647627e-06
flux1:, 0.29549098196392787, 6.299359210807777e-06
flux1:, 0.29589178356713425, 6.145905880313898e-06
flux1:, 0.2962925851703406, 5.992845655613688e-06
flux1:, 0.29669338677354706, 5.840327796151411e-06
flux1:, 0.2970941883767535, 5.68849799591388e-06
flux1:, 0.29749498997995993, 5.53749806617218e-06
flux1:, 0.2978957915831663, 5.387465645585798e-06
flux1:, 0.2982965931863727, 5.2385339376355835e-06
flux1:, 0.29869739478957913, 5.090831475009754e-06
flux1:, 0.29909819639278556, 4.944481910272774e-06
flux1:, 0.29949899799599194, 4.799603831924713e-06
flux1:, 0.2998997995991984, 4.656310604760651e-06
flux1:, 0.30030060120240476, 4.514710233340972e-06
flux1:, 0.3007014028056112, 4.374905247322354e-06
flux1:, 0.30110220440881763, 4.236992607397747e-06
flux1:, 0.301503006012024, 4.101063630652059e-06
flux1:, 0.30190380761523045, 3.967203934221015e-06
flux1:, 0.3023046092184368, 3.835493396276098e-06
flux1:, 0.30270541082164326, 3.7060061334884186e-06
flux1:, 0.3031062124248497, 3.578810494285469e-06
flux1:, 0.3035070140280561, 3.4539690673479154e-06
flux1:, 0.30390781563126246, 3.3315387049435244e-06
flux1:, 0.3043086172344689, 3.2115705607918494e-06
flux1:, 0.3047094188376753, 3.094110142238583e-06
flux1:, 0.30511022044088176, 2.9791973765695954e-06
flux1:, 0.30551102204408814, 2.8668666912959686e-06
flux1:, 0.3059118236472945, 2.757147108221081e-06
flux1:, 0.30631262525050096, 2.6500623510292618e-06
flux1:, 0.3067134268537074, 2.5456309660490086e-06
flux1:, 0.30711422845691383, 2.443866455716792e-06
flux1:, 0.3075150300601202, 2.3447774241351706e-06
flux1:, 0.3079158316633266, 2.248367733965291e-06
flux1:, 0.308316633266533, 2.1546366737536163e-06
flux1:, 0.30871743486973946, 2.06357913464219e-06
flux1:, 0.3091182364729459, 1.975185795290871e-06
flux1:, 0.3095190380761523, 1.8894433137358264e-06
flux1:, 0.30991983967935866, 1.8063345248342026e-06
flux1:, 0.3103206412825651, 1.7258386418981198e-06
flux1:, 0.3107214428857715, 1.6479314611160027e-06
flux1:, 0.31112224448897796, 1.5725855673850729e-06
flux1:, 0.31152304609218434, 1.4997705402381531e-06
flux1:, 0.3119238476953907, 1.4294531586393133e-06
flux1:, 0.31232464929859716, 1.361597603541028e-06
flux1:, 0.3127254509018036, 1.296165657232027e-06
flux1:, 0.31312625250501, 1.233116898658596e-06
flux1:, 0.3135270541082164, 1.1724088940613867e-06
flux1:, 0.3139278557114228, 1.1139973824285888e-06
flux1:, 0.3143286573146292, 1.057836455423212e-06
flux1:, 0.31472945891783566, 1.0038787315791254e-06
flux1:, 0.3151302605210421, 9.520755246898542e-07
flux1:, 0.3155310621242485, 9.023770064107728e-07
flux1:, 0.31593186372745485, 8.547323631807158e-07
flux1:, 0.3163326653306613, 8.090899476149051e-07
flux1:, 0.3167334669338677, 7.653974245556397e-07
flux1:, 0.31713426853707416, 7.236019119661198e-07
flux1:, 0.31753507014028054, 6.836501168383372e-07
flux1:, 0.3179358717434869, 6.454884662506868e-07
flux1:, 0.31833667334669336, 6.090632336599144e-07
flux1:, 0.3187374749498998, 5.743206604588438e-07
flux1:, 0.31913827655310617, 5.412070727661618e-07
flux1:, 0.3195390781563126, 5.096689933567123e-07
flux1:, 0.319939879759519, 4.796532485851552e-07
flux1:, 0.3203406813627254, 4.5110707011054514e-07
flux1:, 0.32074148296593186, 4.239781911967442e-07
flux1:, 0.32114228456913824, 3.982149373448431e-07
flux1:, 0.32154308617234467, 3.737663110124531e-07
flux1:, 0.32194388777555105, 3.50582070188441e-07
flux1:, 0.3223446893787575, 3.286128006219013e-07
flux1:, 0.3227454909819639, 3.078099815477759e-07
flux1:, 0.3231462925851703, 2.881260448089933e-07
flux1:, 0.3235470941883767, 2.695144273380369e-07
flux1:, 0.3239478957915831, 2.519296170336568e-07
flux1:, 0.32434869739478955, 2.3532719214081564e-07
flux1:, 0.324749498997996, 2.196638543143753e-07
flux1:, 0.32515030060120237, 2.0489745561544908e-07
flux1:, 0.32555110220440875, 1.9098701974887798e-07
flux1:, 0.3259519038076152, 1.7789275790276164e-07
flux1:, 0.3263527054108216, 1.655760795890535e-07
flux1:, 0.32675350701402806, 1.5399959891175574e-07
flux1:, 0.32715430861723444, 1.431271367022795e-07
flux1:, 0.3275551102204408, 1.3292371896199294e-07
flux1:, 0.32795591182364725, 1.233555720405383e-07
flux1:, 0.3283567134268537, 1.143901149548046e-07
flux1:, 0.3287575150300601, 1.059959492228399e-07
flux1:, 0.3291583166332665, 9.814284654702503e-08
flux1:, 0.3295591182364729, 9.080173463872699e-08
flux1:, 0.3299599198396793, 8.394468142969564e-08
flux1:, 0.33036072144288575, 7.754487787135416e-08
flux1:, 0.3307615230460922, 7.157661947920206e-08
flux1:, 0.33116232464929857, 6.601528674099857e-08
flux1:, 0.33156312625250495, 6.083732447344278e-08
flux1:, 0.3319639278557114, 5.60202201868826e-08
flux1:, 0.3323647294589178, 5.1542481496568536e-08
flux1:, 0.33276553106212425, 4.73836126087773e-08
flux1:, 0.33316633266533063, 4.35240899049902e-08
flux1:, 0.333567134268537, 3.9945336650259146e-08
flux1:, 0.33396793587174345, 3.6629696859055396e-08
flux1:, 0.3343687374749499, 3.3560408365726614e-08
flux1:, 0.3347695390781563, 3.0721575161276e-08
flux1:, 0.3351703406813627, 2.8098139076403734e-08
flux1:, 0.3355711422845691, 2.5675850908242903e-08
flux1:, 0.3359719438877755, 2.3441241104824928e-08
flux1:, 0.33637274549098195, 2.1381590136307593e-08
flux1:, 0.3367735470941884, 1.9484898692331928e-08
flux1:, 0.33717434869739477, 1.77398578531312e-08
flux1:, 0.33757515030060115, 1.6135819384054213e-08
flux1:, 0.3379759519038076, 1.466276630215482e-08
flux1:, 0.338376753507014, 1.3311283856750912e-08
flux1:, 0.3387775551102204, 1.2072531055749068e-08
flux1:, 0.33917835671342683, 1.0938212855605232e-08
flux1:, 0.3395791583166332, 9.900553116025232e-09
flux1:, 0.33997995991983965, 8.952268401473717e-09
flux1:, 0.3403807615230461, 8.086542691767538e-09
flux1:, 0.34078156312625246, 7.297003044057934e-09
flux1:, 0.3411823647294589, 6.577696228348818e-09
flux1:, 0.3415831663326653, 5.923066341312127e-09
flux1:, 0.3419839679358717, 5.327933386659159e-09
flux1:, 0.34238476953907815, 4.787472796934792e-09
flux1:, 0.34278557114228453, 4.297195861252576e-09
flux1:, 0.3431863727454909, 3.852931015842146e-09
flux1:, 0.34358717434869734, 3.4508059499396795e-09
flux1:, 0.3439879759519038, 3.0872304782190102e-09
flux1:, 0.3443887775551102, 2.75888013197087e-09
flux1:, 0.3447895791583166, 2.4626804248226162e-09
flux1:, 0.345190380761523, 2.195791753712903e-09
flux1:, 0.3455911823647294, 1.955594902353933e-09
flux1:, 0.34599198396793585, 1.7396771214022036e-09
flux1:, 0.3463927855711423, 1.5458187665182577e-09
flux1:, 0.34679358717434866, 1.371980482589681e-09
flux1:, 0.34719438877755504, 1.2162909281076682e-09
flux1:, 0.3475951903807615, 1.0770350389323012e-09
flux1:, 0.3479959919839679, 9.526428340055375e-10
flux1:, 0.34839679358717435, 8.416787679901841e-10
flux1:, 0.3487975951903807, 7.428316362819517e-10
flux1:, 0.3491983967935871, 6.549050371977281e-10
flux1:, 0.34959919839679354, 5.768083940192956e-10
flux1:, 0.35, 5.075485364795354e-10

Elapsed run time = 1.1666 s
